#
# A fatal error has been detected by the Java Runtime Environment:
#
#  SIGSEGV (0xb) at pc=0x0000000133237d7c, pid=19638, tid=3335
#
# JRE version: Java(TM) SE Runtime Environment (8.0_60-b27) (build 1.8.0_60-b27)
# Java VM: Java HotSpot(TM) 64-Bit Server VM (25.60-b23 mixed mode bsd-amd64 compressed oops)
# Problematic frame:
# C  [libjfxwebkit.dylib+0xe88d7c]  _ZN3JSC9CodeBlock19unlinkIncomingCallsEv+0x2c
#
# Failed to write core dump. Core dumps have been disabled. To enable core dumping, try "ulimit -c unlimited" before starting Java again
#
# If you would like to submit a bug report, please visit:
#   http://bugreport.java.com/bugreport/crash.jsp
# The crash happened outside the Java Virtual Machine in native code.
# See problematic frame for where to report the bug.
#

---------------  T H R E A D  ---------------

Current thread (0x00007ff2d1104000):  JavaThread "JavaFX Application Thread" [_thread_in_native, id=3335, stack(0x00007fff51743000,0x00007fff51f43000)]

siginfo: si_signo: 11 (SIGSEGV), si_code: 1 (SEGV_MAPERR), si_addr: 0x0000000000000010

Registers:
RAX=0x0000000139fa0b30, RBX=0x0000000139fa0a70, RCX=0x0000000000000000, RDX=0x0000000000000000
RSP=0x00007fff51f3b190, RBP=0x00007fff51f3b1b0, RSI=0x00007ff2d8714ef0, RDI=0x0000000139fa0a70
R8 =0x0000000000000040, R9 =0x00007fff51f3b000, R10=0x00007fff51f3b0e8, R11=0x00000000ecc40024
R12=0x000000012ff19270, R13=0x00007ff2d38ff001, R14=0x0000000139fa0a70, R15=0x00007ff2d8714ef0
RIP=0x0000000133237d7c, EFLAGS=0x0000000000010283, ERR=0x0000000000000006
  TRAPNO=0x000000000000000e

Top of Stack: (sp=0x00007fff51f3b190)
0x00007fff51f3b190:   000000000000000b 0000000000000000
0x00007fff51f3b1a0:   0000000139fa0a70 00007ff2d8714ef0
0x00007fff51f3b1b0:   00007fff51f3b1f0 00000001334d66e7
0x00007fff51f3b1c0:   000000000000000c 0000000133f3b0f0
0x00007fff51f3b1d0:   00007ff2d8714ef0 00007ff2d38ff000
0x00007fff51f3b1e0:   0000000000000000 000000012ff19270
0x00007fff51f3b1f0:   00007fff51f3b470 00000001334d700b
0x00007fff51f3b200:   00007ff2d86ea280 00007ff2d38ff018
0x00007fff51f3b210:   0000000000000000 0000000000000000
0x00007fff51f3b220:   00007fff51f3b290 00000001334be32c
0x00007fff51f3b230:   00007fff51f3b2d0 00007fff51f3b3a0
0x00007fff51f3b240:   00007fff51f3b3b0 00007ff2d2a94ff0
0x00007fff51f3b250:   000001ffd06b1c50 00007fff51f3b3d0
0x00007fff51f3b260:   0000000000000000 00007ff2d2a94ff0
0x00007fff51f3b270:   00007fff51f3b3a0 00007ff2d2a94ff0
0x00007fff51f3b280:   00007fff51f3b3b0 00007fff51f3b3d0
0x00007fff51f3b290:   00007fff51f3b2c0 00000001334bcab4
0x00007fff51f3b2a0:   000000012ff192c0 0000000000000002
0x00007fff51f3b2b0:   00007fff78bdc420 000000012ff19270
0x00007fff51f3b2c0:   00007fff51f3b430 00000001334bc216
0x00007fff51f3b2d0:   00007fff51f3b300 00000001334a0d82
0x00007fff51f3b2e0:   00007fff51f3b368 000000014056a090
0x00007fff51f3b2f0:   0000000000000000 00007ff2d2a94ff0
0x00007fff51f3b300:   00007ff2d38ff000 000000012ff192c0
0x00007fff51f3b310:   00007fff00000000 000000014056a090
0x00007fff51f3b320:   000000012ff196c0 00007ff2d38ff000
0x00007fff51f3b330:   00007fff51f3c190 000000013324c7f7
0x00007fff51f3b340:   0000000000000001 00007fff51f3c238
0x00007fff51f3b350:   0000000000000000 00007fff51f3b368
0x00007fff51f3b360:   000000000000000a 00007ff2d38ff000
0x00007fff51f3b370:   00000000d87000ec 00007ff200000000
0x00007fff51f3b380:   0000000000000000 00007ff2d8712df0 

Instructions: (pc=0x0000000133237d7c)
0x0000000133237d5c:   fb 48 8b 8b b0 00 00 00 48 8d 83 c0 00 00 00 eb
0x0000000133237d6c:   0a 0f 1f 00 48 8b 8b b0 00 00 00 48 39 c1 74 3b
0x0000000133237d7c:   48 c7 41 10 00 00 00 00 48 c7 41 20 00 00 00 00
0x0000000133237d8c:   48 8b 51 08 48 85 d2 74 db 48 8b 31 48 89 32 48 

Register to memory mapping:

RAX=0x0000000139fa0b30 is an unknown value
RBX=0x0000000139fa0a70 is an unknown value
RCX=0x0000000000000000 is an unknown value
RDX=0x0000000000000000 is an unknown value
RSP=0x00007fff51f3b190 is pointing into the stack for thread: 0x00007ff2d1104000
RBP=0x00007fff51f3b1b0 is pointing into the stack for thread: 0x00007ff2d1104000
RSI=0x00007ff2d8714ef0 is an unknown value
RDI=0x0000000139fa0a70 is an unknown value
R8 =0x0000000000000040 is an unknown value
R9 =0x00007fff51f3b000 is pointing into the stack for thread: 0x00007ff2d1104000
R10=0x00007fff51f3b0e8 is pointing into the stack for thread: 0x00007ff2d1104000
R11=0x00000000ecc40024 is an unknown value
R12=0x000000012ff19270 is an unknown value
R13=0x00007ff2d38ff001 is an unknown value
R14=0x0000000139fa0a70 is an unknown value
R15=0x00007ff2d8714ef0 is an unknown value


Stack: [0x00007fff51743000,0x00007fff51f43000],  sp=0x00007fff51f3b190,  free space=8160k
Native frames: (J=compiled Java code, j=interpreted, Vv=VM code, C=native code)
C  [libjfxwebkit.dylib+0xe88d7c]  _ZN3JSC9CodeBlock19unlinkIncomingCallsEv+0x2c
C  [libjfxwebkit.dylib+0x11276e7]  _ZN3JSC16ScriptExecutable11installCodeEPNS_9CodeBlockE+0x207
C  [libjfxwebkit.dylib+0x112800b]  _ZN3JSC16ScriptExecutable23prepareForExecutionImplEPNS_9ExecStateEPNS_10JSFunctionEPPNS_7JSScopeENS_22CodeSpecializationKindE+0x10b
C  [libjfxwebkit.dylib+0xfd98da]  _ZN3JSC11Interpreter7executeEPNS_14EvalExecutableEPNS_9ExecStateENS_7JSValueEPNS_7JSScopeE+0x16a
C  [libjfxwebkit.dylib+0xfd9676]  _ZN3JSC4evalEPNS_9ExecStateE+0x4a6
C  [libjfxwebkit.dylib+0x1063288]  llint_slow_path_call_eval+0x108
C  [libjfxwebkit.dylib+0x106af0f]  llint_op_call_eval+0x29
C  [libjfxwebkit.dylib+0x106aeaf]  llint_op_call_varargs+0x8b
C  [libjfxwebkit.dylib+0x106ace5]  llint_op_call+0xef
C  [libjfxwebkit.dylib+0x106ace5]  llint_op_call+0xef
C  0x0000435658601a3a
C  [libjfxwebkit.dylib+0x1065b47]  callToJavaScript+0x141
C  [libjfxwebkit.dylib+0x101f5f3]  _ZN3JSC7JITCode7executeEPNS_2VMEPNS_14ProtoCallFrameE+0x23
C  [libjfxwebkit.dylib+0xfdc199]  _ZN3JSC11Interpreter11executeCallEPNS_9ExecStateEPNS_8JSObjectENS_8CallTypeERKNS_8CallDataENS_7JSValueERKNS_7ArgListE+0x1b9
C  [libjfxwebkit.dylib+0x110bfde]  _ZN3JSC4callEPNS_9ExecStateENS_7JSValueENS_8CallTypeERKNS_8CallDataES2_RKNS_7ArgListE+0x3e
C  [libjfxwebkit.dylib+0x4999fc]  _ZN7WebCore21JSMainThreadExecState4callEPN3JSC9ExecStateENS1_7JSValueENS1_8CallTypeERKNS1_8CallDataES4_RKNS1_7ArgListE+0x1c
C  [libjfxwebkit.dylib+0x4b3976]  _ZN7WebCore15JSEventListener11handleEventEPNS_22ScriptExecutionContextEPNS_5EventE+0x356
C  [libjfxwebkit.dylib+0x696d4e]  _ZN7WebCore11EventTarget18fireEventListenersEPNS_5EventEPNS_15EventTargetDataERN3WTF6VectorINS_23RegisteredEventListenerELm1ENS5_15CrashOnOverflowEEE+0x25e
C  [libjfxwebkit.dylib+0x6968de]  _ZN7WebCore11EventTarget18fireEventListenersEPNS_5EventE+0xae
C  [libjfxwebkit.dylib+0x68e45a]  _ZNK7WebCore12EventContext17handleLocalEventsERNS_5EventE+0x5a
C  [libjfxwebkit.dylib+0x68f5fc]  _ZN7WebCore15EventDispatcher13dispatchEventEPNS_4NodeEN3WTF10PassRefPtrINS_5EventEEE+0x33c
C  [libjfxwebkit.dylib+0x6afccd]  _ZN7WebCore4Node13dispatchEventEN3WTF10PassRefPtrINS_5EventEEE+0x1d
C  [libjfxwebkit.dylib+0x66527d]  _ZN7WebCore8Document15finishedParsingEv+0x9d
C  [libjfxwebkit.dylib+0x84d4d9]  _ZN7WebCore18HTMLDocumentParser20prepareToStopParsingEv+0xa9
C  [libjfxwebkit.dylib+0x84da7a]  _ZN7WebCore18HTMLDocumentParser23resumeParsingAfterYieldEv+0x8a
C  [libjfxwebkit.dylib+0xad531d]  _ZN7WebCore12ThreadTimers24sharedTimerFiredInternalEv+0x9d
J 2761  com.sun.webkit.Timer.twkFireTimerEvent()V (0 bytes) @ 0x00000001105f85ec [0x00000001105f8540+0xac]
J 2760 C1 com.sun.webkit.Timer.fireTimerEvent(J)V (65 bytes) @ 0x000000011060720c [0x0000000110606dc0+0x44c]
J 2759 C1 com.sun.webkit.Timer.notifyTick()V (29 bytes) @ 0x000000011060696c [0x0000000110606700+0x26c]
J 2757 C1 javafx.scene.web.WebEngine$PulseTimer$$Lambda$86.pulse()V (4 bytes) @ 0x0000000110605ec4 [0x0000000110605d60+0x164]
J 3423 C2 com.sun.javafx.tk.Toolkit$$Lambda$170.run()Ljava/lang/Object; (8 bytes) @ 0x0000000110728b28 [0x0000000110728ae0+0x48]
v  ~StubRoutines::call_stub
V  [libjvm.dylib+0x2eab0e]
V  [libjvm.dylib+0x34afd8]
J 1173  java.security.AccessController.doPrivileged(Ljava/security/PrivilegedAction;Ljava/security/AccessControlContext;)Ljava/lang/Object; (0 bytes) @ 0x00000001102bbc95 [0x00000001102bbbc0+0xd5]
J 2754 C1 com.sun.javafx.tk.Toolkit.firePulse()V (279 bytes) @ 0x00000001105fbc44 [0x00000001105f9c40+0x2004]
J 2265 C1 com.sun.javafx.tk.quantum.QuantumToolkit.pulse(Z)V (164 bytes) @ 0x000000011006ab14 [0x000000011006a4c0+0x654]
J 2029 C1 com.sun.javafx.tk.quantum.QuantumToolkit$$Lambda$43.run()V (8 bytes) @ 0x00000001104c5ecc [0x00000001104c5cc0+0x20c]
J 2287 C1 com.sun.glass.ui.InvokeLaterDispatcher$Future.run()V (91 bytes) @ 0x000000011055afd4 [0x000000011055aec0+0x114]
v  ~StubRoutines::call_stub
V  [libjvm.dylib+0x2eab0e]
V  [libjvm.dylib+0x321bb7]
V  [libjvm.dylib+0x31438b]
C  [libglass.dylib+0x463b]  -[GlassRunnable run]+0x6b
C  [Foundation+0x6375e]  __NSThreadPerformPerform+0xe5
C  [CoreFoundation+0x7f5b1]  __CFRUNLOOP_IS_CALLING_OUT_TO_A_SOURCE0_PERFORM_FUNCTION__+0x11
C  [CoreFoundation+0x70c62]  __CFRunLoopDoSources0+0xf2
C  [CoreFoundation+0x703ef]  __CFRunLoopRun+0x33f
C  [CoreFoundation+0x6fe75]  CFRunLoopRunSpecific+0x135
C  [HIToolbox+0x2ea0d]  RunCurrentEventLoopInMode+0xe2
C  [HIToolbox+0x2e7b7]  ReceiveNextEventCommon+0x1df
C  [HIToolbox+0x2e5bc]  _BlockUntilNextEventMatchingListInModeWithFilter+0x41
C  [AppKit+0x2424e]  _DPSNextEvent+0x59a
C  [AppKit+0x2389b]  -[NSApplication nextEventMatchingMask:untilDate:inMode:dequeue:]+0x7a
C  [AppKit+0x1799c]  -[NSApplication run]+0x229
C  [libglass.dylib+0x65ec]  -[GlassApplication runLoop:]+0x72c
C  [Foundation+0x6375e]  __NSThreadPerformPerform+0xe5
C  [CoreFoundation+0x7f5b1]  __CFRUNLOOP_IS_CALLING_OUT_TO_A_SOURCE0_PERFORM_FUNCTION__+0x11
C  [CoreFoundation+0x70c62]  __CFRunLoopDoSources0+0xf2
C  [CoreFoundation+0x703ef]  __CFRunLoopRun+0x33f
C  [CoreFoundation+0x6fe75]  CFRunLoopRunSpecific+0x135
C  [java+0x6463]  CreateExecutionEnvironment+0x367
C  [java+0x21ac]  JLI_Launch+0x7a0
C  [java+0x84c0]  main+0x65
C  [java+0x1a04]  start+0x34
C  0x0000000000000008

Java frames: (J=compiled Java code, j=interpreted, Vv=VM code)
J 2761  com.sun.webkit.Timer.twkFireTimerEvent()V (0 bytes) @ 0x00000001105f857e [0x00000001105f8540+0x3e]
J 2760 C1 com.sun.webkit.Timer.fireTimerEvent(J)V (65 bytes) @ 0x000000011060720c [0x0000000110606dc0+0x44c]
J 2759 C1 com.sun.webkit.Timer.notifyTick()V (29 bytes) @ 0x000000011060696c [0x0000000110606700+0x26c]
J 2757 C1 javafx.scene.web.WebEngine$PulseTimer$$Lambda$86.pulse()V (4 bytes) @ 0x0000000110605ec4 [0x0000000110605d60+0x164]
J 3423 C2 com.sun.javafx.tk.Toolkit$$Lambda$170.run()Ljava/lang/Object; (8 bytes) @ 0x0000000110728b28 [0x0000000110728ae0+0x48]
v  ~StubRoutines::call_stub
J 1173  java.security.AccessController.doPrivileged(Ljava/security/PrivilegedAction;Ljava/security/AccessControlContext;)Ljava/lang/Object; (0 bytes) @ 0x00000001102bbc23 [0x00000001102bbbc0+0x63]
J 2754 C1 com.sun.javafx.tk.Toolkit.firePulse()V (279 bytes) @ 0x00000001105fbc44 [0x00000001105f9c40+0x2004]
J 2265 C1 com.sun.javafx.tk.quantum.QuantumToolkit.pulse(Z)V (164 bytes) @ 0x000000011006ab14 [0x000000011006a4c0+0x654]
J 2029 C1 com.sun.javafx.tk.quantum.QuantumToolkit$$Lambda$43.run()V (8 bytes) @ 0x00000001104c5ecc [0x00000001104c5cc0+0x20c]
J 2287 C1 com.sun.glass.ui.InvokeLaterDispatcher$Future.run()V (91 bytes) @ 0x000000011055afd4 [0x000000011055aec0+0x114]
v  ~StubRoutines::call_stub

---------------  P R O C E S S  ---------------

Java Threads: ( => current thread )
  0x00007ff2d3af9800 JavaThread "URL-Loader-46" daemon [_thread_in_native, id=71179, stack(0x0000000143818000,0x0000000143918000)]
  0x00007ff2d4895000 JavaThread "URL-Loader-45" daemon [_thread_in_native, id=72711, stack(0x0000000143715000,0x0000000143815000)]
  0x00007ff2d1a43000 JavaThread "URL-Loader-44" daemon [_thread_in_native, id=73223, stack(0x0000000143612000,0x0000000143712000)]
  0x00007ff2d1b81000 JavaThread "URL-Loader-43" daemon [_thread_in_native, id=73735, stack(0x00000001403d2000,0x00000001404d2000)]
  0x00007ff2d31b5800 JavaThread "URL-Loader-42" daemon [_thread_blocked, id=63759, stack(0x0000000140235000,0x0000000140335000)]
  0x00007ff2d3351000 JavaThread "URL-Loader-41" daemon [_thread_in_native, id=66311, stack(0x0000000140132000,0x0000000140232000)]
  0x00007ff2d33a2000 JavaThread "URL-Loader-40" daemon [_thread_blocked, id=66823, stack(0x000000014002f000,0x000000014012f000)]
  0x00007ff2d12df800 JavaThread "URL-Loader-39" daemon [_thread_in_native, id=33571, stack(0x000000013d6ef000,0x000000013d7ef000)]
  0x00007ff2d1b56800 JavaThread "URL-Loader-38" daemon [_thread_in_native, id=58127, stack(0x000000013d5ec000,0x000000013d6ec000)]
  0x00007ff2d398a000 JavaThread "URL-Loader-37" daemon [_thread_blocked, id=67339, stack(0x000000013ff2c000,0x000000014002c000)]
  0x00007ff2d38ee000 JavaThread "URL-Loader-36" daemon [_thread_blocked, id=57619, stack(0x0000000137a41000,0x0000000137b41000)]
  0x00007ff2d3bac000 JavaThread "URL-Loader-35" daemon [_thread_in_native, id=70423, stack(0x000000013fe29000,0x000000013ff29000)]
  0x00007ff2d1b8b800 JavaThread "URL-Loader-34" daemon [_thread_blocked, id=68107, stack(0x000000013e3d8000,0x000000013e4d8000)]
  0x00007ff2d1a30000 JavaThread "URL-Loader-33" daemon [_thread_in_native, id=68363, stack(0x000000013e2d5000,0x000000013e3d5000)]
  0x00007ff2d4045000 JavaThread "URL-Loader-32" daemon [_thread_blocked, id=69391, stack(0x000000013e011000,0x000000013e111000)]
  0x00007ff2d1892000 JavaThread "URL-Loader-31" daemon [_thread_in_native, id=67595, stack(0x000000013e1d2000,0x000000013e2d2000)]
  0x00007ff2d33da000 JavaThread "URL-Loader-30" daemon [_thread_blocked, id=71431, stack(0x000000013f671000,0x000000013f771000)]
  0x00007ff2d3364000 JavaThread "URL-Loader-29" daemon [_thread_blocked, id=71943, stack(0x000000013e661000,0x000000013e761000)]
  0x00007ff2d3c53800 JavaThread "URL-Loader-28" daemon [_thread_blocked, id=72455, stack(0x000000013e55e000,0x000000013e65e000)]
  0x00007ff2d3c13800 JavaThread "URL-Loader-27" daemon [_thread_in_native, id=34571, stack(0x000000012fdd2000,0x000000012fed2000)]
  0x00007ff2d120f000 JavaThread "Watchdog-Timer-1" daemon [_thread_blocked, id=65283, stack(0x000000013de5f000,0x000000013df5f000)]
  0x00007ff2d39b1800 JavaThread "Keep-Alive-Timer" daemon [_thread_blocked, id=64775, stack(0x000000013d99f000,0x000000013da9f000)]
  0x00007ff2d3191800 JavaThread "Prism Font Disposer" daemon [_thread_blocked, id=54291, stack(0x0000000135de1000,0x0000000135ee1000)]
  0x00007ff2d390f800 JavaThread "Disposer" daemon [_thread_blocked, id=53251, stack(0x0000000134b01000,0x0000000134c01000)]
  0x00007ff2d18a5000 JavaThread "Thread-4" daemon [_thread_in_native, id=40195, stack(0x0000000130f19000,0x0000000130f99000)]
=>0x00007ff2d1104000 JavaThread "JavaFX Application Thread" [_thread_in_native, id=3335, stack(0x00007fff51743000,0x00007fff51f43000)]
  0x00007ff2d18ac000 JavaThread "Thread-2" daemon [_thread_blocked, id=29443, stack(0x000000012d91c000,0x000000012da1c000)]
  0x00007ff2d111b000 JavaThread "QuantumRenderer-0" daemon [_thread_blocked, id=24323, stack(0x000000012c71a000,0x000000012c81a000)]
  0x00007ff2d10ea000 JavaThread "JavaFX-Launcher" [_thread_blocked, id=23811, stack(0x000000012c617000,0x000000012c717000)]
  0x00007ff2d3032800 JavaThread "Monitor Ctrl-Break" daemon [_thread_in_native, id=23299, stack(0x000000012c41f000,0x000000012c51f000)]
  0x00007ff2d4802000 JavaThread "Service Thread" daemon [_thread_blocked, id=22275, stack(0x000000012c0e6000,0x000000012c1e6000)]
  0x00007ff2d080a000 JavaThread "C1 CompilerThread3" daemon [_thread_blocked, id=21763, stack(0x000000012bfe3000,0x000000012c0e3000)]
  0x00007ff2d080d000 JavaThread "C2 CompilerThread2" daemon [_thread_blocked, id=21251, stack(0x000000012bee0000,0x000000012bfe0000)]
  0x00007ff2d4801000 JavaThread "C2 CompilerThread1" daemon [_thread_blocked, id=20739, stack(0x000000012bddd000,0x000000012bedd000)]
  0x00007ff2d3019800 JavaThread "C2 CompilerThread0" daemon [_thread_blocked, id=20227, stack(0x000000012bcda000,0x000000012bdda000)]
  0x00007ff2d3026800 JavaThread "Signal Dispatcher" daemon [_thread_blocked, id=19715, stack(0x000000012bbd7000,0x000000012bcd7000)]
  0x00007ff2d1039800 JavaThread "Finalizer" daemon [_thread_blocked, id=14595, stack(0x000000012b995000,0x000000012ba95000)]
  0x00007ff2d1804000 JavaThread "Reference Handler" daemon [_thread_blocked, id=14083, stack(0x000000012b892000,0x000000012b992000)]
  0x00007ff2d1009000 JavaThread "main" [_thread_blocked, id=6403, stack(0x000000010fd8a000,0x000000010fe8a000)]

Other Threads:
  0x00007ff2d3830000 VMThread [stack: 0x000000012b78f000,0x000000012b88f000] [id=13571]
  0x00007ff2d1006800 WatcherThread [stack: 0x000000012c1e9000,0x000000012c2e9000] [id=22787]

VM state:not at safepoint (normal execution)

VM Mutex/Monitor currently owned by a thread: None

Heap:
 PSYoungGen      total 141824K, used 45323K [0x000000076ab00000, 0x000000077c300000, 0x00000007c0000000)
  eden space 131072K, 34% used [0x000000076ab00000,0x000000076d742d38,0x0000000772b00000)
  from space 10752K, 0% used [0x0000000772b00000,0x0000000772b00000,0x0000000773580000)
  to   space 12288K, 0% used [0x000000077b700000,0x000000077b700000,0x000000077c300000)
 ParOldGen       total 79360K, used 10511K [0x00000006c0000000, 0x00000006c4d80000, 0x000000076ab00000)
  object space 79360K, 13% used [0x00000006c0000000,0x00000006c0a43fe8,0x00000006c4d80000)
 Metaspace       used 23241K, capacity 24224K, committed 24448K, reserved 1071104K
  class space    used 3134K, capacity 3365K, committed 3456K, reserved 1048576K

Card table byte_map: [0x000000011f281000,0x000000011fa82000] byte_map_base: 0x000000011bc81000

Marking Bits: (ParMarkBitMap*) 0x000000010f6dee20
 Begin Bits: [0x00000001207f0000, 0x00000001247f0000)
 End Bits:   [0x00000001247f0000, 0x00000001287f0000)

Polling page: 0x000000010dde0000

CodeCache: size=245760Kb used=10942Kb max_used=11091Kb free=234817Kb
 bounds [0x000000010fec1000, 0x00000001109b1000, 0x000000011eec1000]
 total_blobs=4336 nmethods=3569 adapters=679
 compilation: enabled

Compilation events (10 events):
Event: 29.047 Thread 0x00007ff2d080a000 3933       3       java.util.jar.JarFile::getJarEntry (9 bytes)
Event: 29.047 Thread 0x00007ff2d080a000 nmethod 3933 0x00000001102acbd0 code [0x00000001102acd40, 0x00000001102ad048]
Event: 29.047 Thread 0x00007ff2d080a000 3934   !   3       sun.misc.URLClassPath$JarLoader::ensureOpen (32 bytes)
Event: 29.047 Thread 0x00007ff2d080a000 nmethod 3934 0x00000001102bd710 code [0x00000001102bd8a0, 0x00000001102bdce8]
Event: 29.048 Thread 0x00007ff2d080a000 3935       3       java.util.concurrent.ScheduledThreadPoolExecutor$ScheduledFutureTask::getDelay (20 bytes)
Event: 29.048 Thread 0x00007ff2d080a000 nmethod 3935 0x00000001102e3050 code [0x00000001102e31e0, 0x00000001102e3528]
Event: 29.048 Thread 0x00007ff2d080a000 3936       3       java.util.concurrent.TimeUnit$1::convert (6 bytes)
Event: 29.048 Thread 0x00007ff2d080a000 nmethod 3936 0x0000000110116310 code [0x0000000110116480, 0x00000001101166a8]
Event: 29.048 Thread 0x00007ff2d080a000 3937       3       java.net.URI::access$100 (4 bytes)
Event: 29.048 Thread 0x00007ff2d080a000 nmethod 3937 0x000000011046c7d0 code [0x000000011046c920, 0x000000011046ca50]

GC Heap History (10 events):
Event: 4.889 GC heap before
{Heap before GC invocations=2 (full 0):
 PSYoungGen      total 76288K, used 76162K [0x000000076ab00000, 0x0000000770000000, 0x00000007c0000000)
  eden space 65536K, 99% used [0x000000076ab00000,0x000000076eae6278,0x000000076eb00000)
  from space 10752K, 99% used [0x000000076eb00000,0x000000076f57a728,0x000000076f580000)
  to   space 10752K, 0% used [0x000000076f580000,0x000000076f580000,0x0000000770000000)
 ParOldGen       total 175104K, used 216K [0x00000006c0000000, 0x00000006cab00000, 0x000000076ab00000)
  object space 175104K, 0% used [0x00000006c0000000,0x00000006c0036010,0x00000006cab00000)
 Metaspace       used 18465K, capacity 19278K, committed 19584K, reserved 1067008K
  class space    used 2689K, capacity 2868K, committed 2944K, reserved 1048576K
Event: 4.895 GC heap after
Heap after GC invocations=2 (full 0):
 PSYoungGen      total 76288K, used 10693K [0x000000076ab00000, 0x0000000774000000, 0x00000007c0000000)
  eden space 65536K, 0% used [0x000000076ab00000,0x000000076ab00000,0x000000076eb00000)
  from space 10752K, 99% used [0x000000076f580000,0x000000076fff1520,0x0000000770000000)
  to   space 10752K, 0% used [0x000000076eb00000,0x000000076eb00000,0x000000076f580000)
 ParOldGen       total 175104K, used 224K [0x00000006c0000000, 0x00000006cab00000, 0x000000076ab00000)
  object space 175104K, 0% used [0x00000006c0000000,0x00000006c0038010,0x00000006cab00000)
 Metaspace       used 18465K, capacity 19278K, committed 19584K, reserved 1067008K
  class space    used 2689K, capacity 2868K, committed 2944K, reserved 1048576K
}
Event: 4.907 GC heap before
{Heap before GC invocations=3 (full 0):
 PSYoungGen      total 76288K, used 76218K [0x000000076ab00000, 0x0000000774000000, 0x00000007c0000000)
  eden space 65536K, 99% used [0x000000076ab00000,0x000000076eafd5e8,0x000000076eb00000)
  from space 10752K, 99% used [0x000000076f580000,0x000000076fff1520,0x0000000770000000)
  to   space 10752K, 0% used [0x000000076eb00000,0x000000076eb00000,0x000000076f580000)
 ParOldGen       total 175104K, used 224K [0x00000006c0000000, 0x00000006cab00000, 0x000000076ab00000)
  object space 175104K, 0% used [0x00000006c0000000,0x00000006c0038010,0x00000006cab00000)
 Metaspace       used 18465K, capacity 19278K, committed 19584K, reserved 1067008K
  class space    used 2689K, capacity 2868K, committed 2944K, reserved 1048576K
Event: 4.910 GC heap after
Heap after GC invocations=3 (full 0):
 PSYoungGen      total 76288K, used 10722K [0x000000076ab00000, 0x0000000774000000, 0x00000007c0000000)
  eden space 65536K, 0% used [0x000000076ab00000,0x000000076ab00000,0x000000076eb00000)
  from space 10752K, 99% used [0x000000076eb00000,0x000000076f578b20,0x000000076f580000)
  to   space 10752K, 0% used [0x0000000773580000,0x0000000773580000,0x0000000774000000)
 ParOldGen       total 175104K, used 344K [0x00000006c0000000, 0x00000006cab00000, 0x000000076ab00000)
  object space 175104K, 0% used [0x00000006c0000000,0x00000006c00561f8,0x00000006cab00000)
 Metaspace       used 18465K, capacity 19278K, committed 19584K, reserved 1067008K
  class space    used 2689K, capacity 2868K, committed 2944K, reserved 1048576K
}
Event: 4.918 GC heap before
{Heap before GC invocations=4 (full 0):
 PSYoungGen      total 76288K, used 76214K [0x000000076ab00000, 0x0000000774000000, 0x00000007c0000000)
  eden space 65536K, 99% used [0x000000076ab00000,0x000000076eaf5090,0x000000076eb00000)
  from space 10752K, 99% used [0x000000076eb00000,0x000000076f578b20,0x000000076f580000)
  to   space 10752K, 0% used [0x0000000773580000,0x0000000773580000,0x0000000774000000)
 ParOldGen       total 175104K, used 344K [0x00000006c0000000, 0x00000006cab00000, 0x000000076ab00000)
  object space 175104K, 0% used [0x00000006c0000000,0x00000006c00561f8,0x00000006cab00000)
 Metaspace       used 18465K, capacity 19278K, committed 19584K, reserved 1067008K
  class space    used 2689K, capacity 2868K, committed 2944K, reserved 1048576K
Event: 4.924 GC heap after
Heap after GC invocations=4 (full 0):
 PSYoungGen      total 141824K, used 10722K [0x000000076ab00000, 0x0000000774000000, 0x00000007c0000000)
  eden space 131072K, 0% used [0x000000076ab00000,0x000000076ab00000,0x0000000772b00000)
  from space 10752K, 99% used [0x0000000773580000,0x0000000773ff8858,0x0000000774000000)
  to   space 10752K, 0% used [0x0000000772b00000,0x0000000772b00000,0x0000000773580000)
 ParOldGen       total 175104K, used 418K [0x00000006c0000000, 0x00000006cab00000, 0x000000076ab00000)
  object space 175104K, 0% used [0x00000006c0000000,0x00000006c00688a8,0x00000006cab00000)
 Metaspace       used 18465K, capacity 19278K, committed 19584K, reserved 1067008K
  class space    used 2689K, capacity 2868K, committed 2944K, reserved 1048576K
}
Event: 8.647 GC heap before
{Heap before GC invocations=5 (full 0):
 PSYoungGen      total 141824K, used 95441K [0x000000076ab00000, 0x0000000774000000, 0x00000007c0000000)
  eden space 131072K, 64% used [0x000000076ab00000,0x000000076fdbbbd8,0x0000000772b00000)
  from space 10752K, 99% used [0x0000000773580000,0x0000000773ff8858,0x0000000774000000)
  to   space 10752K, 0% used [0x0000000772b00000,0x0000000772b00000,0x0000000773580000)
 ParOldGen       total 175104K, used 418K [0x00000006c0000000, 0x00000006cab00000, 0x000000076ab00000)
  object space 175104K, 0% used [0x00000006c0000000,0x00000006c00688a8,0x00000006cab00000)
 Metaspace       used 20290K, capacity 21178K, committed 21296K, reserved 1067008K
  class space    used 2890K, capacity 3114K, committed 3200K, reserved 1048576K
Event: 8.655 GC heap after
Heap after GC invocations=5 (full 0):
 PSYoungGen      total 141824K, used 10722K [0x000000076ab00000, 0x000000077c300000, 0x00000007c0000000)
  eden space 131072K, 0% used [0x000000076ab00000,0x000000076ab00000,0x0000000772b00000)
  from space 10752K, 99% used [0x0000000772b00000,0x0000000773578828,0x0000000773580000)
  to   space 12288K, 0% used [0x000000077b700000,0x000000077b700000,0x000000077c300000)
 ParOldGen       total 175104K, used 2038K [0x00000006c0000000, 0x00000006cab00000, 0x000000076ab00000)
  object space 175104K, 1% used [0x00000006c0000000,0x00000006c01fd8a0,0x00000006cab00000)
 Metaspace       used 20290K, capacity 21178K, committed 21296K, reserved 1067008K
  class space    used 2890K, capacity 3114K, committed 3200K, reserved 1048576K
}
Event: 8.655 GC heap before
{Heap before GC invocations=6 (full 1):
 PSYoungGen      total 141824K, used 10722K [0x000000076ab00000, 0x000000077c300000, 0x00000007c0000000)
  eden space 131072K, 0% used [0x000000076ab00000,0x000000076ab00000,0x0000000772b00000)
  from space 10752K, 99% used [0x0000000772b00000,0x0000000773578828,0x0000000773580000)
  to   space 12288K, 0% used [0x000000077b700000,0x000000077b700000,0x000000077c300000)
 ParOldGen       total 175104K, used 2038K [0x00000006c0000000, 0x00000006cab00000, 0x000000076ab00000)
  object space 175104K, 1% used [0x00000006c0000000,0x00000006c01fd8a0,0x00000006cab00000)
 Metaspace       used 20290K, capacity 21178K, committed 21296K, reserved 1067008K
  class space    used 2890K, capacity 3114K, committed 3200K, reserved 1048576K
Event: 8.686 GC heap after
Heap after GC invocations=6 (full 1):
 PSYoungGen      total 141824K, used 0K [0x000000076ab00000, 0x000000077c300000, 0x00000007c0000000)
  eden space 131072K, 0% used [0x000000076ab00000,0x000000076ab00000,0x0000000772b00000)
  from space 10752K, 0% used [0x0000000772b00000,0x0000000772b00000,0x0000000773580000)
  to   space 12288K, 0% used [0x000000077b700000,0x000000077b700000,0x000000077c300000)
 ParOldGen       total 79360K, used 10511K [0x00000006c0000000, 0x00000006c4d80000, 0x000000076ab00000)
  object space 79360K, 13% used [0x00000006c0000000,0x00000006c0a43fe8,0x00000006c4d80000)
 Metaspace       used 20290K, capacity 21178K, committed 21296K, reserved 1067008K
  class space    used 2890K, capacity 3114K, committed 3200K, reserved 1048576K
}

Deoptimization events (10 events):
Event: 28.936 Thread 0x00007ff2d3af9800 Uncommon trap: reason=class_check action=maybe_recompile pc=0x00000001103d83d4 method=java.util.regex.Pattern$Node.study(Ljava/util/regex/Pattern$TreeInfo;)Z @ 12
Event: 28.936 Thread 0x00007ff2d3af9800 Uncommon trap: reason=class_check action=maybe_recompile pc=0x00000001103d83d4 method=java.util.regex.Pattern$Node.study(Ljava/util/regex/Pattern$TreeInfo;)Z @ 12
Event: 28.936 Thread 0x00007ff2d3af9800 Uncommon trap: reason=class_check action=maybe_recompile pc=0x00000001103d83d4 method=java.util.regex.Pattern$Node.study(Ljava/util/regex/Pattern$TreeInfo;)Z @ 12
Event: 28.936 Thread 0x00007ff2d3af9800 Uncommon trap: reason=class_check action=maybe_recompile pc=0x00000001103d83d4 method=java.util.regex.Pattern$Node.study(Ljava/util/regex/Pattern$TreeInfo;)Z @ 12
Event: 28.981 Thread 0x00007ff2d3af9800 Uncommon trap: reason=unstable_if action=reinterpret pc=0x000000011022c36c method=java.util.zip.ZipCoder.decoder()Ljava/nio/charset/CharsetDecoder; @ 4
Event: 28.990 Thread 0x00007ff2d1104000 Uncommon trap: reason=class_check action=maybe_recompile pc=0x0000000110669114 method=com.sun.javafx.font.CompositeGlyphMapper.convertToGlyph(I)I @ 7
Event: 28.990 Thread 0x00007ff2d1104000 Uncommon trap: reason=class_check action=maybe_recompile pc=0x0000000110669114 method=com.sun.javafx.font.CompositeGlyphMapper.convertToGlyph(I)I @ 7
Event: 28.990 Thread 0x00007ff2d1104000 Uncommon trap: reason=class_check action=maybe_recompile pc=0x0000000110669114 method=com.sun.javafx.font.CompositeGlyphMapper.convertToGlyph(I)I @ 7
Event: 28.990 Thread 0x00007ff2d1104000 Uncommon trap: reason=class_check action=maybe_recompile pc=0x0000000110669114 method=com.sun.javafx.font.CompositeGlyphMapper.convertToGlyph(I)I @ 7
Event: 29.043 Thread 0x00007ff2d1104000 Uncommon trap: reason=unstable_if action=reinterpret pc=0x0000000110707008 method=com.sun.javafx.css.CompoundSelector.applies(Ljavafx/css/Styleable;I[Ljava/util/Set;I)Z @ 125

Internal exceptions (10 events):
Event: 28.809 Thread 0x00007ff2d1104000 Exception <a 'java/lang/ClassNotFoundException': sun/net/www/protocol/about/Handler> (0x000000076cbd9308) thrown at [/Users/java_re/workspace/8-2-build-macosx-x86_64/jdk8u60/4407/hotspot/src/share/vm/classfile/systemDictionary.cpp, line 210]
Event: 28.814 Thread 0x00007ff2d1104000 Exception <a 'java/lang/ClassNotFoundException': sun/net/www/protocol/about/Handler> (0x000000076cbe45d0) thrown at [/Users/java_re/workspace/8-2-build-macosx-x86_64/jdk8u60/4407/hotspot/src/share/vm/classfile/systemDictionary.cpp, line 210]
Event: 28.816 Thread 0x00007ff2d1104000 Exception <a 'java/lang/ClassNotFoundException': sun/net/www/protocol/about/Handler> (0x000000076cbea918) thrown at [/Users/java_re/workspace/8-2-build-macosx-x86_64/jdk8u60/4407/hotspot/src/share/vm/classfile/systemDictionary.cpp, line 210]
Event: 28.817 Thread 0x00007ff2d1104000 Exception <a 'java/lang/ClassNotFoundException': sun/net/www/protocol/about/Handler> (0x000000076cbefcf0) thrown at [/Users/java_re/workspace/8-2-build-macosx-x86_64/jdk8u60/4407/hotspot/src/share/vm/classfile/systemDictionary.cpp, line 210]
Event: 28.894 Thread 0x00007ff2d1104000 Exception <a 'java/lang/ClassNotFoundException': sun/net/www/protocol/about/Handler> (0x000000076d062f48) thrown at [/Users/java_re/workspace/8-2-build-macosx-x86_64/jdk8u60/4407/hotspot/src/share/vm/classfile/systemDictionary.cpp, line 210]
Event: 28.895 Thread 0x00007ff2d1104000 Exception <a 'java/lang/ClassNotFoundException': sun/net/www/protocol/about/Handler> (0x000000076d0682c0) thrown at [/Users/java_re/workspace/8-2-build-macosx-x86_64/jdk8u60/4407/hotspot/src/share/vm/classfile/systemDictionary.cpp, line 210]
Event: 28.897 Thread 0x00007ff2d1104000 Exception <a 'java/lang/ClassNotFoundException': sun/net/www/protocol/about/Handler> (0x000000076d0702e8) thrown at [/Users/java_re/workspace/8-2-build-macosx-x86_64/jdk8u60/4407/hotspot/src/share/vm/classfile/systemDictionary.cpp, line 210]
Event: 28.909 Thread 0x00007ff2d1104000 Exception <a 'java/lang/ClassNotFoundException': sun/net/www/protocol/about/Handler> (0x000000076d07c068) thrown at [/Users/java_re/workspace/8-2-build-macosx-x86_64/jdk8u60/4407/hotspot/src/share/vm/classfile/systemDictionary.cpp, line 210]
Event: 28.981 Thread 0x00007ff2d3af9800 Implicit null exception at 0x000000011022bcfe to 0x000000011022c351
Event: 29.047 Thread 0x00007ff2d1104000 Exception <a 'java/lang/ClassNotFoundException': sun/net/www/protocol/about/Handler> (0x000000076d6e5170) thrown at [/Users/java_re/workspace/8-2-build-macosx-x86_64/jdk8u60/4407/hotspot/src/share/vm/classfile/systemDictionary.cpp, line 210]

Events (10 events):
Event: 29.046 Thread 0x00007ff2d080a000 flushing nmethod 0x00000001103ada50
Event: 29.047 loading class sun/net/www/protocol/about/Handler
Event: 29.047 loading class sun/net/www/protocol/about/Handler done
Event: 29.047 loading class sun/net/www/protocol/about/Handler
Event: 29.047 loading class sun/net/www/protocol/about/Handler done
Event: 29.047 Thread 0x00007ff2d080a000 flushing nmethod 0x0000000110420e90
Event: 29.047 Thread 0x00007ff2d080a000 flushing nmethod 0x000000011046c7d0
Event: 29.049 Thread 0x00007ff2d080a000 flushing nmethod 0x00000001106cd650
Event: 29.050 loading class com/sun/webkit/Utilities$MimeTypeMapHolder
Event: 29.050 loading class com/sun/webkit/Utilities$MimeTypeMapHolder done


Dynamic libraries:
0x00000000072ec000 	/System/Library/Frameworks/Cocoa.framework/Versions/A/Cocoa
0x00000000072ec000 	/System/Library/Frameworks/Security.framework/Versions/A/Security
0x00000000072ec000 	/System/Library/Frameworks/ApplicationServices.framework/Versions/A/ApplicationServices
0x00000000072ec000 	/usr/lib/libz.1.dylib
0x00000000072ec000 	/usr/lib/libSystem.B.dylib
0x00000000072ec000 	/usr/lib/libobjc.A.dylib
0x00000000072ec000 	/System/Library/Frameworks/CoreFoundation.framework/Versions/A/CoreFoundation
0x00000000072ec000 	/System/Library/Frameworks/Foundation.framework/Versions/C/Foundation
0x00000000072ec000 	/System/Library/Frameworks/AppKit.framework/Versions/C/AppKit
0x00000000072ec000 	/System/Library/Frameworks/CoreData.framework/Versions/A/CoreData
0x00000000072ec000 	/System/Library/PrivateFrameworks/RemoteViewServices.framework/Versions/A/RemoteViewServices
0x00000000072ec000 	/System/Library/Frameworks/AudioToolbox.framework/Versions/A/AudioToolbox
0x00000000072ec000 	/System/Library/Frameworks/AudioUnit.framework/Versions/A/AudioUnit
0x00000000072ec000 	/System/Library/PrivateFrameworks/DataDetectorsCore.framework/Versions/A/DataDetectorsCore
0x00000000072ec000 	/System/Library/PrivateFrameworks/DesktopServicesPriv.framework/Versions/A/DesktopServicesPriv
0x00000000072ec000 	/System/Library/Frameworks/Carbon.framework/Versions/A/Frameworks/HIToolbox.framework/Versions/A/HIToolbox
0x00000000072ec000 	/System/Library/Frameworks/QuartzCore.framework/Versions/A/QuartzCore
0x00000000072ec000 	/System/Library/Frameworks/Carbon.framework/Versions/A/Frameworks/SpeechRecognition.framework/Versions/A/SpeechRecognition
0x00000000072ec000 	/usr/lib/libauto.dylib
0x00000000072ec000 	/usr/lib/libicucore.A.dylib
0x00000000072ec000 	/usr/lib/libxml2.2.dylib
0x00000000072ec000 	/System/Library/PrivateFrameworks/CoreUI.framework/Versions/A/CoreUI
0x00000000072ec000 	/System/Library/Frameworks/CoreAudio.framework/Versions/A/CoreAudio
0x00000000072ec000 	/System/Library/Frameworks/DiskArbitration.framework/Versions/A/DiskArbitration
0x00000000072ec000 	/usr/lib/liblangid.dylib
0x00000000072ec000 	/System/Library/PrivateFrameworks/MultitouchSupport.framework/Versions/A/MultitouchSupport
0x00000000072ec000 	/System/Library/Frameworks/IOKit.framework/Versions/A/IOKit
0x00000000072ec000 	/usr/lib/libDiagnosticMessagesClient.dylib
0x00000000072ec000 	/System/Library/Frameworks/CoreServices.framework/Versions/A/CoreServices
0x00000000072ec000 	/System/Library/PrivateFrameworks/PerformanceAnalysis.framework/Versions/A/PerformanceAnalysis
0x00000000072ec000 	/System/Library/PrivateFrameworks/GenerationalStorage.framework/Versions/A/GenerationalStorage
0x00000000072ec000 	/System/Library/Frameworks/OpenGL.framework/Versions/A/OpenGL
0x00000000072ec000 	/System/Library/PrivateFrameworks/Sharing.framework/Versions/A/Sharing
0x00000000072ec000 	/System/Library/Frameworks/ImageIO.framework/Versions/A/ImageIO
0x00000000072ec000 	/System/Library/Frameworks/CoreText.framework/Versions/A/CoreText
0x00000000072ec000 	/System/Library/Frameworks/CoreGraphics.framework/Versions/A/CoreGraphics
0x00000000072ec000 	/System/Library/PrivateFrameworks/Backup.framework/Versions/A/Backup
0x00000000072ec000 	/System/Library/Frameworks/CFNetwork.framework/Versions/A/CFNetwork
0x00000000072ec000 	/System/Library/Frameworks/SystemConfiguration.framework/Versions/A/SystemConfiguration
0x00000000072ec000 	/usr/lib/libCRFSuite.dylib
0x00000000072ec000 	/usr/lib/libc++.1.dylib
0x00000000072ec000 	/usr/lib/libc++abi.dylib
0x00000000072ec000 	/usr/lib/system/libcache.dylib
0x00000000072ec000 	/usr/lib/system/libcommonCrypto.dylib
0x00000000072ec000 	/usr/lib/system/libcompiler_rt.dylib
0x00000000072ec000 	/usr/lib/system/libcopyfile.dylib
0x00000000072ec000 	/usr/lib/system/libcorecrypto.dylib
0x00000000072ec000 	/usr/lib/system/libdispatch.dylib
0x00000000072ec000 	/usr/lib/system/libdyld.dylib
0x00000000072ec000 	/usr/lib/system/libkeymgr.dylib
0x00000000072ec000 	/usr/lib/system/liblaunch.dylib
0x00000000072ec000 	/usr/lib/system/libmacho.dylib
0x00000000072ec000 	/usr/lib/system/libquarantine.dylib
0x00000000072ec000 	/usr/lib/system/libremovefile.dylib
0x00000000072ec000 	/usr/lib/system/libsystem_asl.dylib
0x00000000072ec000 	/usr/lib/system/libsystem_blocks.dylib
0x00000000072ec000 	/usr/lib/system/libsystem_c.dylib
0x00000000072ec000 	/usr/lib/system/libsystem_configuration.dylib
0x00000000072ec000 	/usr/lib/system/libsystem_dnssd.dylib
0x00000000072ec000 	/usr/lib/system/libsystem_info.dylib
0x00000000072ec000 	/usr/lib/system/libsystem_kernel.dylib
0x00000000072ec000 	/usr/lib/system/libsystem_m.dylib
0x00000000072ec000 	/usr/lib/system/libsystem_malloc.dylib
0x00000000072ec000 	/usr/lib/system/libsystem_network.dylib
0x00000000072ec000 	/usr/lib/system/libsystem_notify.dylib
0x00000000072ec000 	/usr/lib/system/libsystem_platform.dylib
0x00000000072ec000 	/usr/lib/system/libsystem_pthread.dylib
0x00000000072ec000 	/usr/lib/system/libsystem_sandbox.dylib
0x00000000072ec000 	/usr/lib/system/libsystem_stats.dylib
0x00000000072ec000 	/usr/lib/system/libunc.dylib
0x00000000072ec000 	/usr/lib/system/libunwind.dylib
0x00000000072ec000 	/usr/lib/system/libxpc.dylib
0x00000000072ec000 	/usr/lib/libbsm.0.dylib
0x00000000072ec000 	/usr/lib/libsqlite3.dylib
0x00000000072ec000 	/usr/lib/libxar.1.dylib
0x00000000072ec000 	/usr/lib/libpam.2.dylib
0x00000000072ec000 	/usr/lib/libOpenScriptingUtil.dylib
0x00000000072ec000 	/usr/lib/libbz2.1.0.dylib
0x00000000072ec000 	/System/Library/Frameworks/CoreServices.framework/Versions/A/Frameworks/CarbonCore.framework/Versions/A/CarbonCore
0x00000000072ec000 	/System/Library/Frameworks/CoreServices.framework/Versions/A/Frameworks/Metadata.framework/Versions/A/Metadata
0x00000000072ec000 	/System/Library/Frameworks/CoreServices.framework/Versions/A/Frameworks/OSServices.framework/Versions/A/OSServices
0x00000000072ec000 	/System/Library/Frameworks/CoreServices.framework/Versions/A/Frameworks/SearchKit.framework/Versions/A/SearchKit
0x00000000072ec000 	/System/Library/Frameworks/CoreServices.framework/Versions/A/Frameworks/AE.framework/Versions/A/AE
0x00000000072ec000 	/System/Library/Frameworks/CoreServices.framework/Versions/A/Frameworks/LaunchServices.framework/Versions/A/LaunchServices
0x00000000072ec000 	/System/Library/Frameworks/CoreServices.framework/Versions/A/Frameworks/DictionaryServices.framework/Versions/A/DictionaryServices
0x00000000072ec000 	/System/Library/Frameworks/NetFS.framework/Versions/A/NetFS
0x00000000072ec000 	/usr/lib/system/libkxld.dylib
0x00000000072ec000 	/System/Library/PrivateFrameworks/NetAuth.framework/Versions/A/NetAuth
0x00000000072ec000 	/System/Library/PrivateFrameworks/TCC.framework/Versions/A/TCC
0x00000000072ec000 	/System/Library/Frameworks/OpenDirectory.framework/Versions/A/Frameworks/CFOpenDirectory.framework/Versions/A/CFOpenDirectory
0x00000000072ec000 	/System/Library/Frameworks/ServiceManagement.framework/Versions/A/ServiceManagement
0x00000000072ec000 	/usr/lib/libxslt.1.dylib
0x00000000072ec000 	/System/Library/Frameworks/Carbon.framework/Versions/A/Frameworks/Ink.framework/Versions/A/Ink
0x00000000072ec000 	/System/Library/Frameworks/ApplicationServices.framework/Versions/A/Frameworks/ATS.framework/Versions/A/ATS
0x00000000072ec000 	/System/Library/Frameworks/ApplicationServices.framework/Versions/A/Frameworks/ColorSync.framework/Versions/A/ColorSync
0x00000000072ec000 	/System/Library/Frameworks/ApplicationServices.framework/Versions/A/Frameworks/HIServices.framework/Versions/A/HIServices
0x00000000072ec000 	/System/Library/Frameworks/ApplicationServices.framework/Versions/A/Frameworks/LangAnalysis.framework/Versions/A/LangAnalysis
0x00000000072ec000 	/System/Library/Frameworks/ApplicationServices.framework/Versions/A/Frameworks/PrintCore.framework/Versions/A/PrintCore
0x00000000072ec000 	/System/Library/Frameworks/ApplicationServices.framework/Versions/A/Frameworks/QD.framework/Versions/A/QD
0x00000000072ec000 	/System/Library/Frameworks/ApplicationServices.framework/Versions/A/Frameworks/SpeechSynthesis.framework/Versions/A/SpeechSynthesis
0x00000000072ec000 	/System/Library/Frameworks/IOSurface.framework/Versions/A/IOSurface
0x00000000072ec000 	/System/Library/Frameworks/Accelerate.framework/Versions/A/Accelerate
0x00000000072ec000 	/System/Library/Frameworks/Accelerate.framework/Versions/A/Frameworks/vImage.framework/Versions/A/vImage
0x00000000072ec000 	/System/Library/Frameworks/Accelerate.framework/Versions/A/Frameworks/vecLib.framework/Versions/A/vecLib
0x00000000072ec000 	/System/Library/Frameworks/Accelerate.framework/Versions/A/Frameworks/vecLib.framework/Versions/A/libvDSP.dylib
0x00000000072ec000 	/System/Library/Frameworks/Accelerate.framework/Versions/A/Frameworks/vecLib.framework/Versions/A/libvMisc.dylib
0x00000000072ec000 	/System/Library/Frameworks/Accelerate.framework/Versions/A/Frameworks/vecLib.framework/Versions/A/libLAPACK.dylib
0x00000000072ec000 	/System/Library/Frameworks/Accelerate.framework/Versions/A/Frameworks/vecLib.framework/Versions/A/libBLAS.dylib
0x00000000072ec000 	/System/Library/Frameworks/ApplicationServices.framework/Versions/A/Frameworks/ATS.framework/Versions/A/Resources/libFontParser.dylib
0x00000000072ec000 	/System/Library/Frameworks/ApplicationServices.framework/Versions/A/Frameworks/ATS.framework/Versions/A/Resources/libFontRegistry.dylib
0x00000000072ec000 	/System/Library/Frameworks/ImageIO.framework/Versions/A/Resources/libJPEG.dylib
0x00000000072ec000 	/System/Library/Frameworks/ImageIO.framework/Versions/A/Resources/libTIFF.dylib
0x00000000072ec000 	/System/Library/Frameworks/ImageIO.framework/Versions/A/Resources/libPng.dylib
0x00000000072ec000 	/System/Library/Frameworks/ImageIO.framework/Versions/A/Resources/libGIF.dylib
0x00000000072ec000 	/System/Library/Frameworks/ImageIO.framework/Versions/A/Resources/libJP2.dylib
0x00000000072ec000 	/System/Library/Frameworks/ImageIO.framework/Versions/A/Resources/libRadiance.dylib
0x00000000072ec000 	/usr/lib/libcups.2.dylib
0x00000000072ec000 	/System/Library/Frameworks/Kerberos.framework/Versions/A/Kerberos
0x00000000072ec000 	/System/Library/Frameworks/GSS.framework/Versions/A/GSS
0x00000000072ec000 	/usr/lib/libresolv.9.dylib
0x00000000072ec000 	/usr/lib/libiconv.2.dylib
0x00000000072ec000 	/System/Library/PrivateFrameworks/Heimdal.framework/Versions/A/Heimdal
0x00000000072ec000 	/System/Library/PrivateFrameworks/TrustEvaluationAgent.framework/Versions/A/TrustEvaluationAgent
0x00000000072ec000 	/usr/lib/libheimdal-asn1.dylib
0x00000000072ec000 	/System/Library/Frameworks/OpenDirectory.framework/Versions/A/OpenDirectory
0x00000000072ec000 	/System/Library/PrivateFrameworks/CommonAuth.framework/Versions/A/CommonAuth
0x00000000072ec000 	/System/Library/Frameworks/SecurityFoundation.framework/Versions/A/SecurityFoundation
0x00000000072ec000 	/System/Library/PrivateFrameworks/Bom.framework/Versions/A/Bom
0x00000000072ec000 	/System/Library/Frameworks/CoreVideo.framework/Versions/A/CoreVideo
0x00000000072ec000 	/System/Library/Frameworks/QuartzCore.framework/Versions/A/Frameworks/CoreImage.framework/Versions/A/CoreImage
0x00000000072ec000 	/System/Library/Frameworks/QuartzCore.framework/Versions/A/Frameworks/ScalableUserInterface.framework/Versions/A/ScalableUserInterface
0x00000000072ec000 	/System/Library/Frameworks/OpenGL.framework/Versions/A/Libraries/libGLU.dylib
0x00000000072ec000 	/System/Library/Frameworks/OpenGL.framework/Versions/A/Libraries/libGFXShared.dylib
0x00000000072ec000 	/System/Library/Frameworks/OpenGL.framework/Versions/A/Libraries/libGL.dylib
0x00000000072ec000 	/System/Library/Frameworks/OpenGL.framework/Versions/A/Libraries/libGLImage.dylib
0x00000000072ec000 	/System/Library/Frameworks/OpenGL.framework/Versions/A/Libraries/libCVMSPluginSupport.dylib
0x00000000072ec000 	/System/Library/Frameworks/OpenGL.framework/Versions/A/Libraries/libCoreVMClient.dylib
0x00000000072ec000 	/System/Library/PrivateFrameworks/FaceCore.framework/Versions/A/FaceCore
0x00000000072ec000 	/System/Library/PrivateFrameworks/CrashReporterSupport.framework/Versions/A/CrashReporterSupport
0x00000000072ec000 	/System/Library/Frameworks/OpenCL.framework/Versions/A/OpenCL
0x00000000072ec000 	/System/Library/PrivateFrameworks/AppleFSCompression.framework/Versions/A/AppleFSCompression
0x00000000072ec000 	/System/Library/PrivateFrameworks/Ubiquity.framework/Versions/A/Ubiquity
0x00000000072ec000 	/System/Library/PrivateFrameworks/IconServices.framework/Versions/A/IconServices
0x00000000072ec000 	/System/Library/PrivateFrameworks/ChunkingLibrary.framework/Versions/A/ChunkingLibrary
0x00000000072ec000 	/System/Library/PrivateFrameworks/CoreSymbolication.framework/Versions/A/CoreSymbolication
0x00000000072ec000 	/System/Library/PrivateFrameworks/Symbolication.framework/Versions/A/Symbolication
0x00000000072ec000 	/System/Library/PrivateFrameworks/DebugSymbols.framework/Versions/A/DebugSymbols
0x000000010ee00000 	/Library/Java/JavaVirtualMachines/jdk1.8.0_60.jdk/Contents/Home/jre/lib/server/libjvm.dylib
0x00000000072ec000 	/usr/lib/libstdc++.6.dylib
0x000000010ddd2000 	/Library/Java/JavaVirtualMachines/jdk1.8.0_60.jdk/Contents/Home/jre/lib/libverify.dylib
0x000000010fe8c000 	/Library/Java/JavaVirtualMachines/jdk1.8.0_60.jdk/Contents/Home/jre/lib/libjava.dylib
0x000000010ddea000 	/Library/Java/JavaVirtualMachines/jdk1.8.0_60.jdk/Contents/Home/jre/lib/libzip.dylib
0x000000012ba97000 	/System/Library/Frameworks/JavaVM.framework/Frameworks/JavaRuntimeSupport.framework/JavaRuntimeSupport
0x000000012baaf000 	/System/Library/Frameworks/JavaVM.framework/Versions/A/Frameworks/JavaNativeFoundation.framework/Versions/A/JavaNativeFoundation
0x000000010ddf4000 	/System/Library/Frameworks/JavaVM.framework/Versions/A/JavaVM
0x00000000072ec000 	/System/Library/Frameworks/Carbon.framework/Versions/A/Carbon
0x000000012bac3000 	/System/Library/PrivateFrameworks/JavaLaunching.framework/Versions/A/JavaLaunching
0x00000000072ec000 	/System/Library/Frameworks/Carbon.framework/Versions/A/Frameworks/CommonPanels.framework/Versions/A/CommonPanels
0x00000000072ec000 	/System/Library/Frameworks/Carbon.framework/Versions/A/Frameworks/Help.framework/Versions/A/Help
0x00000000072ec000 	/System/Library/Frameworks/Carbon.framework/Versions/A/Frameworks/ImageCapture.framework/Versions/A/ImageCapture
0x00000000072ec000 	/System/Library/Frameworks/Carbon.framework/Versions/A/Frameworks/OpenScripting.framework/Versions/A/OpenScripting
0x00000000072ec000 	/System/Library/Frameworks/Carbon.framework/Versions/A/Frameworks/Print.framework/Versions/A/Print
0x00000000072ec000 	/System/Library/Frameworks/Carbon.framework/Versions/A/Frameworks/SecurityHI.framework/Versions/A/SecurityHI
0x000000012c41b000 	/Applications/IntelliJ IDEA 14 CE.app/Contents/bin/libbreakgen64.jnilib
0x000000012c5b7000 	/Library/Java/JavaVirtualMachines/jdk1.8.0_60.jdk/Contents/Home/jre/lib/libnet.dylib
0x000000012c81c000 	/Library/Java/JavaVirtualMachines/jdk1.8.0_60.jdk/Contents/Home/jre/lib/libprism_es2.dylib
0x00000000072ec000 	/System/Library/Frameworks/OpenGL.framework/Versions/A/Resources/GLEngine.bundle/GLEngine
0x00000000072ec000 	/System/Library/Frameworks/OpenGL.framework/Versions/A/Libraries/libGLProgrammability.dylib
0x000000012c876000 	/System/Library/Extensions/AppleIntelHD5000GraphicsGLDriver.bundle/Contents/MacOS/AppleIntelHD5000GraphicsGLDriver
0x00000000072ec000 	/System/Library/PrivateFrameworks/IOAccelerator.framework/Versions/A/IOAccelerator
0x00000000072ec000 	/System/Library/PrivateFrameworks/GPUSupport.framework/Versions/A/Libraries/libGPUSupportMercury.dylib
0x0000000000000000 	/System/Library/Extensions/GeForceGLDriver.bundle/Contents/MacOS/GeForceGLDriver
0x00000000072ec000 	/System/Library/Extensions/GeForceGLDriver.bundle/Contents/MacOS/libclh.dylib
0x00000000072ec000 	/System/Library/Frameworks/OpenGL.framework/Versions/A/Resources/GLRendererFloat.bundle/GLRendererFloat
0x00000000072ec000 	/System/Library/Frameworks/OpenCL.framework/Versions/A/Libraries/libcldcpuengine.dylib
0x00000000072ec000 	/System/Library/PrivateFrameworks/DiskImages.framework/Versions/A/DiskImages
0x00000000072ec000 	/System/Library/Frameworks/DiscRecording.framework/Versions/A/DiscRecording
0x00000000072ec000 	/usr/lib/libcsfde.dylib
0x00000000072ec000 	/usr/lib/libcurl.4.dylib
0x00000000072ec000 	/System/Library/PrivateFrameworks/MediaKit.framework/Versions/A/MediaKit
0x00000000072ec000 	/usr/lib/libCoreStorage.dylib
0x00000000072ec000 	/System/Library/PrivateFrameworks/EFILogin.framework/Versions/A/EFILogin
0x00000000072ec000 	/usr/lib/libutil.dylib
0x00000000072ec000 	/System/Library/PrivateFrameworks/AOSNotification.framework/Versions/A/AOSNotification
0x00000000072ec000 	/System/Library/Frameworks/LDAP.framework/Versions/A/LDAP
0x00000000072ec000 	/usr/lib/libsasl2.2.dylib
0x00000000072ec000 	/usr/lib/libcrypto.0.9.8.dylib
0x00000000072ec000 	/usr/lib/libssl.0.9.8.dylib
0x000000012d8bc000 	/Library/Java/JavaVirtualMachines/jdk1.8.0_60.jdk/Contents/Home/jre/lib/libglass.dylib
0x00000000072ec000 	/System/Library/PrivateFrameworks/CoreServicesInternal.framework/Versions/A/CoreServicesInternal
0x00000000072ec000 	/System/Library/PrivateFrameworks/Librarian.framework/Versions/A/Librarian
0x00000000072ec000 	/System/Library/CoreServices/RawCamera.bundle/Contents/MacOS/RawCamera
0x00000000072ec000 	/System/Library/Frameworks/CoreGraphics.framework/Versions/A/Resources/libCGCMS.A.dylib
0x00000000072ec000 	/System/Library/Frameworks/CoreGraphics.framework/Versions/A/Resources/libRIP.A.dylib
0x00000000072ec000 	/System/Library/PrivateFrameworks/FamilyControls.framework/Versions/A/FamilyControls
0x00000000072ec000 	/System/Library/PrivateFrameworks/CommerceKit.framework/Versions/A/Frameworks/CommerceCore.framework/Versions/A/CommerceCore
0x00000000072ec000 	/System/Library/PrivateFrameworks/SystemAdministration.framework/Versions/A/SystemAdministration
0x00000000072ec000 	/System/Library/Frameworks/DirectoryService.framework/Versions/A/DirectoryService
0x00000000072ec000 	/System/Library/PrivateFrameworks/LoginUIKit.framework/Versions/A/Frameworks/LoginUICore.framework/Versions/A/LoginUICore
0x00000000072ec000 	/usr/lib/libodfde.dylib
0x00000001323af000 	/Library/Java/JavaVirtualMachines/jdk1.8.0_60.jdk/Contents/Home/jre/lib/libjfxwebkit.dylib
0x0000000134c1f000 	/Library/Java/JavaVirtualMachines/jdk1.8.0_60.jdk/Contents/Home/jre/lib/libjavafx_font.dylib
0x00000000072ec000 	/System/Library/Frameworks/CoreGraphics.framework/Versions/A/Resources/libCGXType.A.dylib
0x0000000137915000 	cl_kernels
0x0000000137918000 	/System/Library/Frameworks/OpenCL.framework/Versions/A/Libraries/ImageFormats/unorm8_bgra.dylib
0x0000000137909000 	cl_kernels
0x0000000137dc9000 	cl_kernels
0x0000000137dbd000 	cl_kernels
0x0000000137dcd000 	/System/Library/Frameworks/OpenCL.framework/Versions/A/Libraries/ImageFormats/unorm8_argb.dylib
0x0000000139bf1000 	/Library/Java/JavaVirtualMachines/jdk1.8.0_60.jdk/Contents/Home/jre/lib/libprism_common.dylib
0x0000000139ec0000 	/Library/Java/JavaVirtualMachines/jdk1.8.0_60.jdk/Contents/Home/jre/lib/libnio.dylib
0x000000013d820000 	/Library/Java/JavaVirtualMachines/jdk1.8.0_60.jdk/Contents/Home/jre/lib/libsunec.dylib

VM Arguments:
jvm_args: -Didea.launcher.port=7532 -Didea.launcher.bin.path=/Applications/IntelliJ IDEA 14 CE.app/Contents/bin -Dfile.encoding=UTF-8 
java_command: com.intellij.rt.execution.application.AppMain sample.Main
java_class_path (initial): /Library/Java/JavaVirtualMachines/jdk1.8.0_60.jdk/Contents/Home/lib/ant-javafx.jar:/Library/Java/JavaVirtualMachines/jdk1.8.0_60.jdk/Contents/Home/lib/dt.jar:/Library/Java/JavaVirtualMachines/jdk1.8.0_60.jdk/Contents/Home/lib/javafx-mx.jar:/Library/Java/JavaVirtualMachines/jdk1.8.0_60.jdk/Contents/Home/lib/jconsole.jar:/Library/Java/JavaVirtualMachines/jdk1.8.0_60.jdk/Contents/Home/lib/packager.jar:/Library/Java/JavaVirtualMachines/jdk1.8.0_60.jdk/Contents/Home/lib/sa-jdi.jar:/Library/Java/JavaVirtualMachines/jdk1.8.0_60.jdk/Contents/Home/lib/tools.jar:/Library/Java/JavaVirtualMachines/jdk1.8.0_60.jdk/Contents/Home/jre/lib/charsets.jar:/Library/Java/JavaVirtualMachines/jdk1.8.0_60.jdk/Contents/Home/jre/lib/deploy.jar:/Library/Java/JavaVirtualMachines/jdk1.8.0_60.jdk/Contents/Home/jre/lib/javaws.jar:/Library/Java/JavaVirtualMachines/jdk1.8.0_60.jdk/Contents/Home/jre/lib/jce.jar:/Library/Java/JavaVirtualMachines/jdk1.8.0_60.jdk/Contents/Home/jre/lib/jfr.jar:/Library/Java/JavaVirtualMachines/jdk1.8.0_60.jdk/Contents/Home/jre/lib/jfxswt.jar:/Library/Java/JavaVirtualMachines/jdk1.8.0_60.jdk/Contents/Home/jre/lib/jsse.jar:/Library/Java/JavaVirtualMachines/jdk1.8.0_60.jdk/Contents/Home/jre/lib/management-agent.jar:/Library/Java/JavaVirtualMachines/jdk1.8.0_60.jdk/Contents/Home/jre/lib/plugin.jar:/Library/Java/JavaVirtualMachines/jdk1.8.0_60.jdk/Contents/Home/jre/lib/resources.jar:/Library/Java/JavaVirtualMachines/jdk1.8.0_60.jdk/Contents/Home/jre/lib/rt.jar:/Library/Java/JavaVirtualMachines/jdk1.8.0_60.jdk/Contents/Home/jre/lib/ext/cldrdata.jar:/Library/Java/JavaVirtualMachines/jdk1.8.0_60.jdk/Contents/Home/jre/lib/ext/dnsns.jar:/Library/Java/JavaVirtualMachines/jdk1.8.0_60.jdk/Contents/Home/jre/lib/ext/jaccess.jar:/Library/Java/JavaVirtualMachines/jdk1.8.0_60.jdk/Contents/Home/jre/lib/ext/jfxrt.jar:/Library/Java/JavaVirtualMachines/jdk1.8.0_60.jdk/Contents/Home/jre/lib/ext/localedata.jar:/Library/Java/JavaVirtualMachines/jdk1.8.0_60.jdk/Conten
Launcher Type: SUN_STANDARD

Environment Variables:
PATH=/usr/bin:/bin:/usr/sbin:/sbin:/usr/local/bin
SHELL=/bin/bash

Signal Handlers:
SIGSEGV: [libjvm.dylib+0x5a6d31], sa_mask[0]=11111111011111110111111111111111, sa_flags=SA_ONSTACK|SA_RESTART|SA_SIGINFO
SIGBUS: [libjvm.dylib+0x5a6d31], sa_mask[0]=11111111011111110111111111111111, sa_flags=SA_RESTART|SA_SIGINFO
SIGFPE: [libjvm.dylib+0x480a4c], sa_mask[0]=11111111011111110111111111111111, sa_flags=SA_RESTART|SA_SIGINFO
SIGPIPE: [libjvm.dylib+0x480a4c], sa_mask[0]=11111111011111110111111111111111, sa_flags=SA_RESTART|SA_SIGINFO
SIGXFSZ: [libjvm.dylib+0x480a4c], sa_mask[0]=11111111011111110111111111111111, sa_flags=SA_RESTART|SA_SIGINFO
SIGILL: [libjvm.dylib+0x480a4c], sa_mask[0]=11111111011111110111111111111111, sa_flags=SA_RESTART|SA_SIGINFO
SIGUSR1: SIG_DFL, sa_mask[0]=00000000000000000000000000000000, sa_flags=SA_RESTART
SIGUSR2: [libjvm.dylib+0x48056a], sa_mask[0]=00100000000000000000000000000000, sa_flags=SA_RESTART|SA_SIGINFO
SIGHUP: [libjvm.dylib+0x47eb41], sa_mask[0]=11111111011111110111111111111111, sa_flags=SA_RESTART|SA_SIGINFO
SIGINT: [libjvm.dylib+0x47eb41], sa_mask[0]=11111111011111110111111111111111, sa_flags=SA_RESTART|SA_SIGINFO
SIGTERM: [libjvm.dylib+0x47eb41], sa_mask[0]=11111111011111110111111111111111, sa_flags=SA_RESTART|SA_SIGINFO
SIGQUIT: [libjvm.dylib+0x47eb41], sa_mask[0]=11111111011111110111111111111111, sa_flags=SA_RESTART|SA_SIGINFO


---------------  S Y S T E M  ---------------

OS:Bsduname:Darwin 13.4.0 Darwin Kernel Version 13.4.0: Wed Mar 18 16:20:14 PDT 2015; root:xnu-2422.115.14~1/RELEASE_X86_64 x86_64
rlimit: STACK 8192k, CORE 0k, NPROC 709, NOFILE 10240, AS infinity
load average:1.93 2.07 2.00

CPU:total 8 (4 cores per cpu, 2 threads per core) family 6 model 70 stepping 1, cmov, cx8, fxsr, mmx, sse, sse2, sse3, ssse3, sse4.1, sse4.2, popcnt, avx, avx2, aes, clmul, erms, rtm, lzcnt, ht, tsc, tscinvbit, bmi1, bmi2

Memory: 4k page, physical 16777216k(515696k free)

/proc/meminfo:


vm_info: Java HotSpot(TM) 64-Bit Server VM (25.60-b23) for bsd-amd64 JRE (1.8.0_60-b27), built on Aug  4 2015 10:47:24 by "java_re" with gcc 4.2.1 (Based on Apple Inc. build 5658) (LLVM build 2336.11.00)

time: Tue Oct 20 11:46:17 2015
elapsed time: 29 seconds (0d 0h 0m 29s)

